{"/Users/ankursinghal/Desktop/1/vue-practice/markdown-editor/src/App.vue": {"path":"/Users/ankursinghal/Desktop/1/vue-practice/markdown-editor/src/App.vue","statementMap":{"0":{"start":{"line":12,"column":0},"end":{"line":null,"column":-1}},"1":{"start":{"line":16,"column":0},"end":{"line":null,"column":-1}}},"fnMap":{"0":{"name":"data","decl":{"start":{"line":15,"column":0},"end":{"line":null,"column":-1}},"loc":{"start":{"line":15,"column":0},"end":{"line":19,"column":0}}}},"branchMap":{},"s":{"0":1,"1":1},"f":{"0":1},"b":{}}
,"/Users/ankursinghal/Desktop/1/vue-practice/markdown-editor/test/unit/setup.js": {"path":"/Users/ankursinghal/Desktop/1/vue-practice/markdown-editor/test/unit/setup.js","statementMap":{"0":{"start":{"line":3,"column":0},"end":{"line":3,"column":32}}},"fnMap":{},"branchMap":{},"s":{"0":2},"f":{},"b":{},"_coverageSchema":"332fd63041d2c1bcb487cc26dd0d5f7d97098a6c","hash":"7dd704e254bc6c9765e2bd42cfdc333ac5a7766b"}
}
