{"/Users/ankursinghal/Desktop/1/vue-practice/markdown-editor/src/App.vue": {"path":"/Users/ankursinghal/Desktop/1/vue-practice/markdown-editor/src/App.vue","statementMap":{"0":{"start":{"line":12,"column":0},"end":{"line":null,"column":-1}},"1":{"start":{"line":13,"column":0},"end":{"line":null,"column":-1}},"2":{"start":{"line":17,"column":0},"end":{"line":null,"column":-1}}},"fnMap":{"0":{"name":"data","decl":{"start":{"line":16,"column":0},"end":{"line":null,"column":-1}},"loc":{"start":{"line":16,"column":0},"end":{"line":20,"column":0}}}},"branchMap":{},"s":{"0":1,"1":1,"2":1},"f":{"0":1},"b":{}}
,"/Users/ankursinghal/Desktop/1/vue-practice/markdown-editor/src/components/Renderer.vue": {"path":"/Users/ankursinghal/Desktop/1/vue-practice/markdown-editor/src/components/Renderer.vue","statementMap":{"0":{"start":{"line":8,"column":0},"end":{"line":null,"column":-1}},"1":{"start":{"line":9,"column":0},"end":{"line":null,"column":-1}},"2":{"start":{"line":11,"column":0},"end":{"line":null,"column":-1}},"3":{"start":{"line":13,"column":0},"end":{"line":null,"column":-1}},"4":{"start":{"line":21,"column":0},"end":{"line":null,"column":-1}}},"fnMap":{"0":{"name":"highlight","decl":{"start":{"line":12,"column":0},"end":{"line":null,"column":-1}},"loc":{"start":{"line":12,"column":0},"end":{"line":14,"column":0}}},"1":{"name":"htmlFromMarkdown","decl":{"start":{"line":20,"column":0},"end":{"line":null,"column":-1}},"loc":{"start":{"line":20,"column":0},"end":{"line":22,"column":0}}}},"branchMap":{},"s":{"0":2,"1":2,"2":2,"3":0,"4":3},"f":{"0":0,"1":3},"b":{}}
,"/Users/ankursinghal/Desktop/1/vue-practice/markdown-editor/test/unit/setup.js": {"path":"/Users/ankursinghal/Desktop/1/vue-practice/markdown-editor/test/unit/setup.js","statementMap":{"0":{"start":{"line":3,"column":0},"end":{"line":3,"column":32}}},"fnMap":{},"branchMap":{},"s":{"0":3},"f":{},"b":{},"_coverageSchema":"332fd63041d2c1bcb487cc26dd0d5f7d97098a6c","hash":"7dd704e254bc6c9765e2bd42cfdc333ac5a7766b"}
}
