TN:
SF:/Users/ankursinghal/Desktop/1/vue-practice/markdown-editor/src/App.vue
FN:16,data
FNF:1
FNH:1
FNDA:1,data
DA:12,1
DA:13,1
DA:17,1
LF:3
LH:3
BRF:0
BRH:0
end_of_record
TN:
SF:/Users/ankursinghal/Desktop/1/vue-practice/markdown-editor/src/components/Renderer.vue
FN:12,highlight
FN:20,htmlFromMarkdown
FNF:2
FNH:1
FNDA:0,highlight
FNDA:3,htmlFromMarkdown
DA:8,2
DA:9,2
DA:11,2
DA:13,0
DA:21,3
LF:5
LH:4
BRF:0
BRH:0
end_of_record
TN:
SF:/Users/ankursinghal/Desktop/1/vue-practice/markdown-editor/test/unit/setup.js
FNF:0
FNH:0
DA:3,3
LF:1
LH:1
BRF:0
BRH:0
end_of_record
